<?xml version="1.0" encoding="UTF-8"?>
<!-- Generated by org.testng.reporters.JUnitReportReporter -->
<testsuite skipped="0" hostname="Preeti-Kolar" name="newpackage.Asserts" tests="1" failures="0" timestamp="02 Mar 2019 06:21:39 GMT" time="13.151" errors="0">
  <testcase name="f" time="13.151" classname="newpackage.Asserts"/>
</testsuite> <!-- newpackage.Asserts -->
